Arguments: 
  /usr/bin/node /usr/share/yarn/bin/yarn.js add babel-cli babel-polyfill babel-preset-env bable-preset-stage-3 nodemon --dev

PATH: 
  /home/sunarc/scripts:/home/sunarc/.local/bin:/usr/local/bin:/home/sunarc/.local/bin:/home/sunarc/scripts:/home/sunarc/.local/bin:/usr/local/bin:/home/sunarc/.local/bin:/usr/local/sbin:/usr/local/bin:/usr/sbin:/usr/bin:/sbin:/bin:/usr/games:/usr/local/games:/snap/bin:/usr/games/:/usr/games/

Yarn version: 
  1.22.4

Node version: 
  10.19.0

Platform: 
  linux x64

Trace: 
  Error: https://registry.yarnpkg.com/bable-preset-stage-3: Not found
      at Request.params.callback [as _callback] (/usr/share/yarn/lib/cli.js:66987:18)
      at Request.self.callback (/usr/share/yarn/lib/cli.js:140748:22)
      at Request.emit (events.js:198:13)
      at Request.<anonymous> (/usr/share/yarn/lib/cli.js:141720:10)
      at Request.emit (events.js:198:13)
      at IncomingMessage.<anonymous> (/usr/share/yarn/lib/cli.js:141642:12)
      at Object.onceWrapper (events.js:286:20)
      at IncomingMessage.emit (events.js:203:15)
      at endReadableNT (_stream_readable.js:1145:12)
      at process._tickCallback (internal/process/next_tick.js:63:19)

npm manifest: 
  {
    "name": "node-boilerplate",
    "version": "0.0.1",
    "description": "REST APIs with best perctices from top devs and projects on github with mongodb",
    "main": "index.js",
    "private": false,
    "scripts": {
      "build": "nps build",
      "start": "cross-env NODE_ENV=development nodemon",
      "test": "cross-env NODE_ENV=test nodemon test",
      "test:watch": "nps test.watch",
      "prod": "pm2-runtime start ecosystem.config.js --env production",
      "dev": "cross-env NODE_ENV=development nodemon",
      "dev:debug": "cross-env NODE_ENV=development nodemon --debug",
      "db:seeds-user": "nps db.seedsUser",
      "db:seeds-clear": "nps db.seedsClearUser",
      "db:seeds-clear-user": "nps db.seedsClear",
      "doc": "nps doc",
      "doc:deploy": "nps doc.deploy",
      "lint": "eslint .",
      "lint:fix": "eslint --fix .",
      "format": "prettier --write \"**/*.+(js|jsx|json|css|md)\""
    },
    "repository": {
      "type": "git",
      "url": "git+https://github.com/ronakjain2012/node-boilerplate.git"
    },
    "keywords": [
      "nodejs",
      "mongodb",
      "mongoose",
      "http",
      "javascript",
      "js"
    ],
    "author": "Ronak Bokaria <ronakjain2012@gmail.com> <https://github.com/ronakjain2012>",
    "license": "MIT",
    "bugs": {
      "url": "https://github.com/ronakjain2012/node-boilerplate/issues"
    },
    "homepage": "https://github.com/ronakjain2012/node-boilerplate#readme",
    "engines": {
      "node": ">= 6.10",
      "npm": ">= 3.10",
      "yarn": ">=0.20.3"
    },
    "dependencies": {
      "bcrypt-nodejs": "0.0.3",
      "body-parser": "^1.19.0",
      "chalk": "^3.0.0",
      "co": "^4.6.0",
      "compression": "^1.7.4",
      "cors": "^2.8.5",
      "dotenv": "^8.2.0",
      "express": "^4.17.1",
      "express-status-monitor": "^1.2.9",
      "express-validation": "^3.0.2",
      "express-winston": "^4.0.3",
      "helmet": "^3.22.0",
      "http-status": "^1.4.2",
      "joi": "^14.3.1",
      "jsonwebtoken": "^8.5.1",
      "method-override": "^3.0.0",
      "mongoose": "^5.9.6",
      "mongoose-unique-validator": "^2.0.3",
      "notifier": "^0.2.0",
      "passport": "^0.4.1",
      "passport-jwt": "^4.0.0",
      "passport-local": "^1.0.0",
      "pm2": "^4.2.3",
      "pretty-error": "^2.1.1",
      "pug": "^2.0.4",
      "raven": "^2.6.4",
      "slug": "^2.1.1",
      "ultimate-pagination": "^1.0.0",
      "view-helpers": "^0.2.0",
      "winston": "^3.2.1"
    },
    "devDependencies": {
      "ajv": "^6.12.0",
      "ajv-keywords": "^3.4.1",
      "all-contributors-cli": "^6.14.0",
      "apidoc": "^0.20.1",
      "babel-cli": "^6.26.0",
      "babel-loader": "^8.1.0",
      "babel-plugin-transform-object-rest-spread": "^6.26.0",
      "babel-preset-env": "^1.7.0",
      "babel-preset-stage-0": "^6.24.1",
      "babel-register": "^6.26.0",
      "chai": "^4.2.0",
      "coveralls": "^3.0.11",
      "eslint": "^6.8.0",
      "eslint-config-equimper": "^2.2.2",
      "eslint-config-prettier": "^6.10.1",
      "eslint-plugin-prettier": "^3.1.2",
      "faker": "^4.1.0",
      "husky": "^4.2.3",
      "istanbul": "0.4.5",
      "lint-staged": "^10.0.10",
      "mocha": "^7.1.1",
      "morgan": "^1.10.0",
      "nodemon": "^2.0.2",
      "npm-check-updates": "~4.1.0",
      "nps": "^5.7.1",
      "nps-utils": "^1.7.0",
      "prettier": "^2.0.2",
      "semantic-release": "^17.0.4",
      "source-list-map": "2.0.1",
      "superagent": "^5.2.2",
      "supertest": "^4.0.2",
      "tape": "~4.13.2",
      "webpack": "^4.0.0",
      "webpack-node-externals": "^1.7.2",
      "webpack-sources": "1.4.3"
    }
  }

yarn manifest: 
  No manifest

Lockfile: 
  No lockfile
